Ganache CLI v6.7.0 (ganache-core: 2.8.0)

Available Accounts
==================
(0) 0x90F8bf6A479f320ead074411a4B0e7944Ea8c9C1 (2000 ETH)
(1) 0xFFcf8FDEE72ac11b5c542428B35EEF5769C409f0 (2000 ETH)
(2) 0x22d491Bde2303f2f43325b2108D26f1eAbA1e32b (2000 ETH)
(3) 0xE11BA2b4D45Eaed5996Cd0823791E0C93114882d (2000 ETH)
(4) 0xd03ea8624C8C5987235048901fB614fDcA89b117 (2000 ETH)
(5) 0x95cED938F7991cd0dFcb48F0a06a40FA1aF46EBC (2000 ETH)
(6) 0x3E5e9111Ae8eB78Fe1CC3bb8915d5D461F3Ef9A9 (2000 ETH)
(7) 0x28a8746e75304c0780E011BEd21C72cD78cd535E (2000 ETH)
(8) 0xACa94ef8bD5ffEE41947b4585a84BdA5a3d3DA6E (2000 ETH)
(9) 0x1dF62f291b2E969fB0849d99D9Ce41e2F137006e (2000 ETH)
(10) 0x610Bb1573d1046FCb8A70Bbbd395754cD57C2b60 (2000 ETH)
(11) 0x855FA758c77D68a04990E992aA4dcdeF899F654A (2000 ETH)
(12) 0xfA2435Eacf10Ca62ae6787ba2fB044f8733Ee843 (2000 ETH)
(13) 0x64E078A8Aa15A41B85890265648e965De686bAE6 (2000 ETH)
(14) 0x2F560290FEF1B3Ada194b6aA9c40aa71f8e95598 (2000 ETH)
(15) 0xf408f04F9b7691f7174FA2bb73ad6d45fD5d3CBe (2000 ETH)
(16) 0x66FC63C2572bF3ADD0Fe5d44b97c2E614E35e9a3 (2000 ETH)
(17) 0xF0D5BC18421fa04D0a2A2ef540ba5A9f04014BE3 (2000 ETH)
(18) 0x325A621DeA613BCFb5B1A69a7aCED0ea4AfBD73A (2000 ETH)
(19) 0x3fD652C93dFA333979ad762Cf581Df89BaBa6795 (2000 ETH)
(20) 0x73EB6d82CFB20bA669e9c178b718d770C49BB52f (2000 ETH)
(21) 0x9D8E5fAc117b15DaCED7C326Ae009dFE857621f1 (2000 ETH)
(22) 0x982a8CbE734cb8c29A6a7E02a3B0e4512148F6F9 (2000 ETH)
(23) 0xCDC1E53Bdc74bBf5b5F715D6327Dca5785e228B4 (2000 ETH)
(24) 0xf5d1EAF516eF3b0582609622A221656872B82F78 (2000 ETH)
(25) 0xf8eA26C3800D074a11bf814dB9a0735886C90197 (2000 ETH)
(26) 0x2647116f9304abb9F0B7aC29aBC0D9aD540506C8 (2000 ETH)
(27) 0x80a32A0E5cA81b5a236168C21532B32e3cBC95e2 (2000 ETH)
(28) 0x47f55A2ACe3b84B0F03717224DBB7D0Df4351658 (2000 ETH)
(29) 0xC817898296b27589230B891f144dd71A892b0C18 (2000 ETH)

Private Keys
==================
(0) 0x4f3edf983ac636a65a842ce7c78d9aa706d3b113bce9c46f30d7d21715b23b1d
(1) 0x6cbed15c793ce57650b9877cf6fa156fbef513c4e6134f022a85b1ffdd59b2a1
(2) 0x6370fd033278c143179d81c5526140625662b8daa446c22ee2d73db3707e620c
(3) 0x646f1ce2fdad0e6deeeb5c7e8e5543bdde65e86029e2fd9fc169899c440a7913
(4) 0xadd53f9a7e588d003326d1cbf9e4a43c061aadd9bc938c843a79e7b4fd2ad743
(5) 0x395df67f0c2d2d9fe1ad08d1bc8b6627011959b79c53d7dd6a3536a33ab8a4fd
(6) 0xe485d098507f54e7733a205420dfddbe58db035fa577fc294ebd14db90767a52
(7) 0xa453611d9419d0e56f499079478fd72c37b251a94bfde4d19872c44cf65386e3
(8) 0x829e924fdf021ba3dbbc4225edfece9aca04b929d6e75613329ca6f1d31c0bb4
(9) 0xb0057716d5917badaf911b193b12b910811c1497b5bada8d7711f758981c3773
(10) 0x77c5495fbb039eed474fc940f29955ed0531693cc9212911efd35dff0373153f
(11) 0xd99b5b29e6da2528bf458b26237a6cf8655a3e3276c1cdc0de1f98cefee81c01
(12) 0x9b9c613a36396172eab2d34d72331c8ca83a358781883a535d2941f66db07b24
(13) 0x0874049f95d55fb76916262dc70571701b5c4cc5900c0691af75f1a8a52c8268
(14) 0x21d7212f3b4e5332fd465877b64926e3532653e2798a11255a46f533852dfe46
(15) 0x47b65307d0d654fd4f786b908c04af8fface7710fc998b37d219de19c39ee58c
(16) 0x66109972a14d82dbdb6894e61f74708f26128814b3359b64f8b66565679f7299
(17) 0x2eac15546def97adc6d69ca6e28eec831189baa2533e7910755d15403a0749e8
(18) 0x2e114163041d2fb8d45f9251db259a68ee6bdbfd6d10fe1ae87c5c4bcd6ba491
(19) 0xae9a2e131e9b359b198fa280de53ddbe2247730b881faae7af08e567e58915bd
(20) 0xd09ba371c359f10f22ccda12fd26c598c7921bda3220c9942174562bc6a36fe8
(21) 0x2d2719c6a828911ed0c50d5a6c637b63353e77cf57ea80b8e90e630c4687e9c5
(22) 0xd353907ab062133759f149a3afcb951f0f746a65a60f351ba05a3ebf26b67f5c
(23) 0x971c58af72fd8a158d4e654cfbe98f5de024d28547005909684f58c9c46a25c4
(24) 0x85d168288e7fcf84b1841e447fc7945b1e27bfe9a3776367079a6427405eac66
(25) 0xf3da3ac70552606ed09d16dd2808c924826094f0c5cbfcb4f2e0e1cfc70ff8dd
(26) 0xbf20e9c05d70ce59a6b125eab3b4122eb75044a33749c4c5a77e3b0b86fa091e
(27) 0x647442126fdb80c6aec75a0d75a6fe1b31a4e204d29a2c446f550c4115cac139
(28) 0xef78746d079c9d72d2e9a3c10447d1d4aaae6a51541d0296da4fc9ec7e060aff
(29) 0xc95286117cd74213417aeca52118ccd03ec240582f0a9a3e4ef7b434523179f3

HD Wallet
==================
Mnemonic:      myth like bonus scare over problem client lizard pioneer submit female collect
Base HD Path:  m/44'/60'/0'/0/{account_index}

Gas Price
==================
20000000000

Gas Limit
==================
1000000000

Listening on 127.0.0.1:1337
eth_accounts
eth_getBalance
eth_sendTransaction

  Transaction: 0xd56d3e70ad5c64b629fac27e55c0cd20c1683bd66f7f0db848db3d1c722cb67a
  Gas usage: 21000
  Block Number: 1
  Block Time: Fri May 22 2020 11:14:34 GMT+0800 (GMT+08:00)

eth_getBalance
eth_accounts
eth_getBalance
eth_sendTransaction

  Transaction: 0xf2d21c7c8d63bee5e6a11766e494ce6c0fa3eab007016d936a5dff8dd7109ea3
  Gas usage: 21000
  Block Number: 2
  Block Time: Fri May 22 2020 11:14:55 GMT+0800 (GMT+08:00)

eth_getBalance
eth_accounts
eth_getBalance
eth_sendTransaction

  Transaction: 0x12adf7b56b26ceafa87994d718298beb3787f962f071b41568e6be716b2c112d
  Gas usage: 21000
  Block Number: 3
  Block Time: Fri May 22 2020 11:15:05 GMT+0800 (GMT+08:00)

eth_getBalance
eth_accounts
eth_getBalance
eth_sendTransaction

  Transaction: 0x93f2d11cb05b5558961e6e97bba2f9b452758e3fd0ab66e171b35130a9ea0002
  Gas usage: 21000
  Block Number: 4
  Block Time: Fri May 22 2020 11:15:12 GMT+0800 (GMT+08:00)

eth_getBalance
eth_accounts
eth_getBalance
eth_sendTransaction

  Transaction: 0x8f391f405a35499bd45746dd23d3c839786eb427c8b0cfbd1633af4fe711c534
  Gas usage: 21000
  Block Number: 5
  Block Time: Fri May 22 2020 11:16:21 GMT+0800 (GMT+08:00)

eth_getBalance
eth_accounts
eth_getBalance
eth_sendTransaction

  Transaction: 0xe6721a369c6ef93599420f1261f7d785ead6c7b4c7bda21ca111434b21d1bb19
  Gas usage: 21000
  Block Number: 6
  Block Time: Fri May 22 2020 11:19:16 GMT+0800 (GMT+08:00)

eth_getBalance
eth_accounts
eth_getBalance
eth_sendTransaction

  Transaction: 0x3974b76244250d5de09f975f9d1897aedf890f7d5f92cd7b4e0eef9336eecfe8
  Gas usage: 21000
  Block Number: 7
  Block Time: Fri May 22 2020 11:28:20 GMT+0800 (GMT+08:00)

eth_getBalance
eth_accounts
eth_getBalance
eth_sendTransaction

  Transaction: 0x55a2e54b5ee73dfc30d13bbfd999b6c65187dfad84e6277f2f88d393e7fa42d5
  Contract created: 0xe982e462b094850f12af94d21d470e21be9d0e9c
  Gas usage: 2080110
  Block Number: 8
  Block Time: Fri May 22 2020 14:37:16 GMT+0800 (GMT+08:00)

eth_getTransactionReceipt
eth_accounts
eth_getBalance
eth_sendTransaction

  Transaction: 0xb6f257b17fd78e2da9d368546fe34f6823abecb4ca7d89fae11a50d66508a549
  Contract created: 0x59d3631c86bbe35ef041872d502f218a39fba150
  Gas usage: 2080110
  Block Number: 9
  Block Time: Fri May 22 2020 14:38:44 GMT+0800 (GMT+08:00)

eth_getTransactionReceipt
eth_accounts
eth_getBalance
eth_accounts
eth_getBalance
eth_sendTransaction

  Transaction: 0x41d35aae66f3892a374c6ba707d0056afbf13dd98436f199b5a43af15703ef30
  Contract created: 0x0290fb167208af455bb137780163b7b7a9a10c16
  Gas usage: 2084970
  Block Number: 10
  Block Time: Fri May 22 2020 14:39:46 GMT+0800 (GMT+08:00)

eth_getTransactionReceipt
eth_accounts
eth_getBalance
eth_sendTransaction

  Transaction: 0x872052a63c2b533815159c5c0911965d14c4d0efb2dbe266917f997f3bcdc12c
  Contract created: 0x9b1f7f645351af3631a656421ed2e40f2802e6c0
  Gas usage: 2084970
  Block Number: 11
  Block Time: Fri May 22 2020 14:40:06 GMT+0800 (GMT+08:00)

eth_getTransactionReceipt
eth_accounts
eth_getBalance
eth_accounts
eth_getBalance
eth_sendTransaction

  Transaction: 0x5709494b1668e71c996847c50e2bf0359c0ce41b173fee5737b3ea0456e46148
  Contract created: 0x67b5656d60a809915323bf2c40a8bef15a152e3e
  Gas usage: 2080110
  Block Number: 12
  Block Time: Fri May 22 2020 14:48:41 GMT+0800 (GMT+08:00)

eth_getTransactionReceipt
Ganache CLI v6.7.0 (ganache-core: 2.8.0)

Available Accounts
==================
(0) 0x90F8bf6A479f320ead074411a4B0e7944Ea8c9C1 (2000 ETH)
(1) 0xFFcf8FDEE72ac11b5c542428B35EEF5769C409f0 (2000 ETH)
(2) 0x22d491Bde2303f2f43325b2108D26f1eAbA1e32b (2000 ETH)
(3) 0xE11BA2b4D45Eaed5996Cd0823791E0C93114882d (2000 ETH)
(4) 0xd03ea8624C8C5987235048901fB614fDcA89b117 (2000 ETH)
(5) 0x95cED938F7991cd0dFcb48F0a06a40FA1aF46EBC (2000 ETH)
(6) 0x3E5e9111Ae8eB78Fe1CC3bb8915d5D461F3Ef9A9 (2000 ETH)
(7) 0x28a8746e75304c0780E011BEd21C72cD78cd535E (2000 ETH)
(8) 0xACa94ef8bD5ffEE41947b4585a84BdA5a3d3DA6E (2000 ETH)
(9) 0x1dF62f291b2E969fB0849d99D9Ce41e2F137006e (2000 ETH)
(10) 0x610Bb1573d1046FCb8A70Bbbd395754cD57C2b60 (2000 ETH)
(11) 0x855FA758c77D68a04990E992aA4dcdeF899F654A (2000 ETH)
(12) 0xfA2435Eacf10Ca62ae6787ba2fB044f8733Ee843 (2000 ETH)
(13) 0x64E078A8Aa15A41B85890265648e965De686bAE6 (2000 ETH)
(14) 0x2F560290FEF1B3Ada194b6aA9c40aa71f8e95598 (2000 ETH)
(15) 0xf408f04F9b7691f7174FA2bb73ad6d45fD5d3CBe (2000 ETH)
(16) 0x66FC63C2572bF3ADD0Fe5d44b97c2E614E35e9a3 (2000 ETH)
(17) 0xF0D5BC18421fa04D0a2A2ef540ba5A9f04014BE3 (2000 ETH)
(18) 0x325A621DeA613BCFb5B1A69a7aCED0ea4AfBD73A (2000 ETH)
(19) 0x3fD652C93dFA333979ad762Cf581Df89BaBa6795 (2000 ETH)
(20) 0x73EB6d82CFB20bA669e9c178b718d770C49BB52f (2000 ETH)
(21) 0x9D8E5fAc117b15DaCED7C326Ae009dFE857621f1 (2000 ETH)
(22) 0x982a8CbE734cb8c29A6a7E02a3B0e4512148F6F9 (2000 ETH)
(23) 0xCDC1E53Bdc74bBf5b5F715D6327Dca5785e228B4 (2000 ETH)
(24) 0xf5d1EAF516eF3b0582609622A221656872B82F78 (2000 ETH)
(25) 0xf8eA26C3800D074a11bf814dB9a0735886C90197 (2000 ETH)
(26) 0x2647116f9304abb9F0B7aC29aBC0D9aD540506C8 (2000 ETH)
(27) 0x80a32A0E5cA81b5a236168C21532B32e3cBC95e2 (2000 ETH)
(28) 0x47f55A2ACe3b84B0F03717224DBB7D0Df4351658 (2000 ETH)
(29) 0xC817898296b27589230B891f144dd71A892b0C18 (2000 ETH)

Private Keys
==================
(0) 0x4f3edf983ac636a65a842ce7c78d9aa706d3b113bce9c46f30d7d21715b23b1d
(1) 0x6cbed15c793ce57650b9877cf6fa156fbef513c4e6134f022a85b1ffdd59b2a1
(2) 0x6370fd033278c143179d81c5526140625662b8daa446c22ee2d73db3707e620c
(3) 0x646f1ce2fdad0e6deeeb5c7e8e5543bdde65e86029e2fd9fc169899c440a7913
(4) 0xadd53f9a7e588d003326d1cbf9e4a43c061aadd9bc938c843a79e7b4fd2ad743
(5) 0x395df67f0c2d2d9fe1ad08d1bc8b6627011959b79c53d7dd6a3536a33ab8a4fd
(6) 0xe485d098507f54e7733a205420dfddbe58db035fa577fc294ebd14db90767a52
(7) 0xa453611d9419d0e56f499079478fd72c37b251a94bfde4d19872c44cf65386e3
(8) 0x829e924fdf021ba3dbbc4225edfece9aca04b929d6e75613329ca6f1d31c0bb4
(9) 0xb0057716d5917badaf911b193b12b910811c1497b5bada8d7711f758981c3773
(10) 0x77c5495fbb039eed474fc940f29955ed0531693cc9212911efd35dff0373153f
(11) 0xd99b5b29e6da2528bf458b26237a6cf8655a3e3276c1cdc0de1f98cefee81c01
(12) 0x9b9c613a36396172eab2d34d72331c8ca83a358781883a535d2941f66db07b24
(13) 0x0874049f95d55fb76916262dc70571701b5c4cc5900c0691af75f1a8a52c8268
(14) 0x21d7212f3b4e5332fd465877b64926e3532653e2798a11255a46f533852dfe46
(15) 0x47b65307d0d654fd4f786b908c04af8fface7710fc998b37d219de19c39ee58c
(16) 0x66109972a14d82dbdb6894e61f74708f26128814b3359b64f8b66565679f7299
(17) 0x2eac15546def97adc6d69ca6e28eec831189baa2533e7910755d15403a0749e8
(18) 0x2e114163041d2fb8d45f9251db259a68ee6bdbfd6d10fe1ae87c5c4bcd6ba491
(19) 0xae9a2e131e9b359b198fa280de53ddbe2247730b881faae7af08e567e58915bd
(20) 0xd09ba371c359f10f22ccda12fd26c598c7921bda3220c9942174562bc6a36fe8
(21) 0x2d2719c6a828911ed0c50d5a6c637b63353e77cf57ea80b8e90e630c4687e9c5
(22) 0xd353907ab062133759f149a3afcb951f0f746a65a60f351ba05a3ebf26b67f5c
(23) 0x971c58af72fd8a158d4e654cfbe98f5de024d28547005909684f58c9c46a25c4
(24) 0x85d168288e7fcf84b1841e447fc7945b1e27bfe9a3776367079a6427405eac66
(25) 0xf3da3ac70552606ed09d16dd2808c924826094f0c5cbfcb4f2e0e1cfc70ff8dd
(26) 0xbf20e9c05d70ce59a6b125eab3b4122eb75044a33749c4c5a77e3b0b86fa091e
(27) 0x647442126fdb80c6aec75a0d75a6fe1b31a4e204d29a2c446f550c4115cac139
(28) 0xef78746d079c9d72d2e9a3c10447d1d4aaae6a51541d0296da4fc9ec7e060aff
(29) 0xc95286117cd74213417aeca52118ccd03ec240582f0a9a3e4ef7b434523179f3

HD Wallet
==================
Mnemonic:      myth like bonus scare over problem client lizard pioneer submit female collect
Base HD Path:  m/44'/60'/0'/0/{account_index}

Gas Price
==================
20000000000

Gas Limit
==================
1000000000

Listening on 127.0.0.1:1337
eth_accounts
eth_getBalance
eth_sendTransaction

  Transaction: 0x2ff6cfdc884018a75690e0e19f190309982f57f990b14b71e0694b0b849b246f
  Contract created: 0xe78a0f7e598cc8b0bb87894b0f60dd2a88d6a8ab
  Gas usage: 2080110
  Block Number: 1
  Block Time: Fri May 22 2020 14:51:23 GMT+0800 (GMT+08:00)

eth_getTransactionReceipt
eth_accounts
eth_getBalance
eth_sendTransaction

  Transaction: 0xca2ba0f2d6489703edc8b99307234b7052760ccc542c46b5a4694fb80f661683
  Contract created: 0x5b1869d9a4c187f2eaa108f3062412ecf0526b24
  Gas usage: 2080110
  Block Number: 2
  Block Time: Fri May 22 2020 14:51:26 GMT+0800 (GMT+08:00)

eth_getTransactionReceipt
eth_accounts
eth_getBalance
eth_sendTransaction

  Transaction: 0x7997554e8eb8d7ac394fea70574dea601f579a4eea578c79617b7e80a35ec29c
  Contract created: 0xcfeb869f69431e42cdb54a4f4f105c19c080a601
  Gas usage: 2080110
  Block Number: 3
  Block Time: Fri May 22 2020 14:51:27 GMT+0800 (GMT+08:00)

eth_getTransactionReceipt
eth_accounts
eth_getBalance
eth_sendTransaction

  Transaction: 0xc40d13689fd076d6644f58bcd72b6cea35c14378dbc5f21e4f388f5f9484974a
  Contract created: 0x254dffcd3277c0b1660f6d42efbb754edababc2b
  Gas usage: 2080110
  Block Number: 4
  Block Time: Fri May 22 2020 14:51:28 GMT+0800 (GMT+08:00)

eth_getTransactionReceipt
eth_accounts
eth_getBalance
eth_sendTransaction

  Transaction: 0xacb9997292aae4cb4a303eb608f2cff753670cf4ed390a5a3c567e09158cc184
  Contract created: 0xc89ce4735882c9f0f0fe26686c53074e09b0d550
  Gas usage: 2080110
  Block Number: 5
  Block Time: Fri May 22 2020 14:51:28 GMT+0800 (GMT+08:00)

eth_getTransactionReceipt
eth_accounts
eth_getBalance
eth_sendTransaction

  Transaction: 0x006c0928ef63fe5da69962510c41b048adef1e9ac9be690050b4cfda53c08737
  Contract created: 0xd833215cbcc3f914bd1c9ece3ee7bf8b14f841bb
  Gas usage: 2080110
  Block Number: 6
  Block Time: Fri May 22 2020 14:51:29 GMT+0800 (GMT+08:00)

eth_getTransactionReceipt
eth_accounts
eth_getBalance
eth_sendTransaction

  Transaction: 0x3dc682a386d5defcdc8a2b457db5478b6ce8cf4ece24fd592444ba00c2855f8c
  Contract created: 0x9561c133dd8580860b6b7e504bc5aa500f0f06a7
  Gas usage: 2080110
  Block Number: 7
  Block Time: Fri May 22 2020 14:51:29 GMT+0800 (GMT+08:00)

eth_getTransactionReceipt
eth_accounts
eth_getBalance
eth_sendTransaction

  Transaction: 0x55a2e54b5ee73dfc30d13bbfd999b6c65187dfad84e6277f2f88d393e7fa42d5
  Contract created: 0xe982e462b094850f12af94d21d470e21be9d0e9c
  Gas usage: 2080110
  Block Number: 8
  Block Time: Fri May 22 2020 14:51:30 GMT+0800 (GMT+08:00)

eth_getTransactionReceipt
eth_accounts
eth_getBalance
eth_sendTransaction

  Transaction: 0xb6f257b17fd78e2da9d368546fe34f6823abecb4ca7d89fae11a50d66508a549
  Contract created: 0x59d3631c86bbe35ef041872d502f218a39fba150
  Gas usage: 2080110
  Block Number: 9
  Block Time: Fri May 22 2020 14:51:30 GMT+0800 (GMT+08:00)

eth_getTransactionReceipt
eth_accounts
eth_getBalance
eth_sendTransaction

  Transaction: 0x6d71b38718e09ec6eef139f8af0403e171091eda71be8f334fee8db935096267
  Contract created: 0x0290fb167208af455bb137780163b7b7a9a10c16
  Gas usage: 2080110
  Block Number: 10
  Block Time: Fri May 22 2020 14:51:30 GMT+0800 (GMT+08:00)

eth_getTransactionReceipt
eth_accounts
eth_getBalance
eth_sendTransaction

  Transaction: 0x55e583a27036df1ac8d2c4b9daa067862162a4908bd9819e4b4dc0b861782eec
  Contract created: 0x9b1f7f645351af3631a656421ed2e40f2802e6c0
  Gas usage: 2080110
  Block Number: 11
  Block Time: Fri May 22 2020 14:51:31 GMT+0800 (GMT+08:00)

eth_getTransactionReceipt
